<?xml version="1.0" encoding="UTF-8"?>
<testng-results skipped="0" failed="0" ignored="0" total="1" passed="1">
  <reporter-output>
  </reporter-output>
  <suite name="Suite" duration-ms="8196" started-at="2019-01-31T18:06:59Z" finished-at="2019-01-31T18:07:07Z">
    <groups>
    </groups>
    <test name="Test" duration-ms="8196" started-at="2019-01-31T18:06:59Z" finished-at="2019-01-31T18:07:07Z">
      <class name="com.first.build.GetRun">
        <test-method status="PASS" signature="getMyCode()[pri:0, instance:com.first.build.GetRun@2d45ba]" name="getMyCode" duration-ms="8169" started-at="2019-01-31T18:06:59Z" finished-at="2019-01-31T18:07:07Z">
          <reporter-output>
          </reporter-output>
        </test-method> <!-- getMyCode -->
      </class> <!-- com.first.build.GetRun -->
    </test> <!-- Test -->
  </suite> <!-- Suite -->
</testng-results>
